<?xml version="1.0" encoding="UTF-8"?>
<!-- Generated by org.testng.reporters.JUnitReportReporter -->
<testsuite hostname="LAPTOP-5O4IFDML" failures="0" tests="2" name="dummyproject.DDemo2" time="0.009" errors="0" timestamp="2022-07-20T14:40:59 IST" skipped="0">
  <testcase classname="dummyproject.DDemo2" name="practisceTest6" time="0.001"/>
  <system-out/>
  <testcase classname="dummyproject.DDemo2" name="practisceTest3" time="0.008"/>
  <system-out/>
</testsuite> <!-- dummyproject.DDemo2 -->
