<?xml version="1.0" encoding="UTF-8"?>
<!-- Generated by org.testng.reporters.JUnitReportReporter -->
<testsuite hostname="LAPTOP-5O4IFDML" failures="0" tests="2" name="dummyproject.DDemo1" time="0.008" errors="0" timestamp="2022-07-19T21:56:20 IST" skipped="0">
  <testcase classname="dummyproject.DDemo1" name="practisceTest2" time="0.001"/>
  <system-out/>
  <testcase classname="dummyproject.DDemo1" name="practisceTest1" time="0.007"/>
  <system-out/>
</testsuite> <!-- dummyproject.DDemo1 -->
