<?xml version="1.0" encoding="UTF-8"?>
<!-- Generated by org.testng.reporters.JUnitReportReporter -->
<testsuite hostname="LAPTOP-5O4IFDML" failures="0" tests="1" name="dummyproject.DDemo1" time="0.009" errors="0" timestamp="2022-07-20T15:21:40 IST" skipped="0">
  <testcase classname="dummyproject.DDemo1" name="practisceTest1" time="0.009"/>
  <system-out/>
</testsuite> <!-- dummyproject.DDemo1 -->
